{
  "RSpec": {
    "coverage": {
      "/Users/mike/Challenges/bank_tech_test/spec/account_spec.rb": [
        null,
        null,
        1,
        null,
        1,
        1,
        1,
        1,
        null,
        null,
        null,
        1,
        1,
        4,
        null,
        null,
        null,
        1,
        1,
        1,
        4,
        null,
        null,
        1,
        2,
        null,
        null,
        null
      ],
      "/Users/mike/Challenges/bank_tech_test/lib/account.rb": [
        null,
        1,
        1,
        null,
        1,
        1,
        null,
        1,
        4,
        4,
        null,
        null,
        1,
        2,
        2,
        2,
        null,
        null,
        1,
        2,
        1,
        1,
        1,
        null,
        1,
        null,
        null,
        null,
        1,
        1,
        3,
        null,
        null
      ],
      "/Users/mike/Challenges/bank_tech_test/lib/transaction.rb": [
        null,
        1,
        1,
        null,
        1,
        7,
        7,
        7,
        7,
        null,
        null
      ],
      "/Users/mike/Challenges/bank_tech_test/lib/transaction_history.rb": [
        null,
        1,
        1,
        null,
        1,
        6,
        null,
        null,
        1,
        4,
        null,
        null
      ],
      "/Users/mike/Challenges/bank_tech_test/spec/feature_tests_spec.rb": [

      ],
      "/Users/mike/Challenges/bank_tech_test/spec/transaction_history_spec.rb": [
        1,
        null,
        1,
        2,
        3,
        null,
        1,
        1,
        null,
        null,
        1,
        1,
        1,
        null,
        null,
        null
      ],
      "/Users/mike/Challenges/bank_tech_test/spec/transaction_spec.rb": [
        1,
        null,
        1,
        5,
        5,
        null,
        1,
        1,
        null,
        null,
        1,
        1,
        null,
        null,
        1,
        1,
        null,
        null,
        1,
        1,
        null,
        null
      ]
    },
    "timestamp": 1559839840
  }
}
